#
# There is insufficient memory for the Java Runtime Environment to continue.
# Native memory allocation (mmap) failed to map 266338304 bytes. Error detail: G1 virtual space
# Possible reasons:
#   The system is out of physical RAM or swap space
#   This process is running with CompressedOops enabled, and the Java Heap may be blocking the growth of the native heap
# Possible solutions:
#   Reduce memory load on the system
#   Increase physical memory or swap space
#   Check if swap backing store is full
#   Decrease Java heap size (-Xmx/-Xms)
#   Decrease number of Java threads
#   Decrease Java thread stack sizes (-Xss)
#   Set larger code cache with -XX:ReservedCodeCacheSize=
#   JVM is running with Zero Based Compressed Oops mode in which the Java heap is
#     placed in the first 32GB address space. The Java Heap base address is the
#     maximum limit for the native heap growth. Please use -XX:HeapBaseMinAddress
#     to set the Java Heap base and to place the Java Heap above 32GB virtual address.
# This output file may be truncated or incomplete.
#
#  Out of Memory Error (os_windows.cpp:3564), pid=22796, tid=19056
#
# JRE version:  (24.0+36) (build )
# Java VM: Java HotSpot(TM) 64-Bit Server VM (24+36-3646, mixed mode, sharing, tiered, compressed oops, compressed class ptrs, g1 gc, windows-amd64)
# No core dump will be written. Minidumps are not enabled by default on client versions of Windows
#

---------------  S U M M A R Y ------------

Command Line: -Dfile.encoding=UTF-8 -Djava.security.policy=applet.policy --module-path=D:\Downloads\Store.Management.System\build\classes Order

Host: Intel(R) Core(TM) i7-10750H CPU @ 2.60GHz, 12 cores, 15G,  Windows 11 , 64 bit Build 26100 (10.0.26100.3912)
Time: Thu May 15 06:28:42 2025 Pacific Daylight Time elapsed time: 1.099753 seconds (0d 0h 0m 1s)

---------------  T H R E A D  ---------------

Current thread (0x0000020e5dade340):  JavaThread "Unknown thread" [_thread_in_vm, id=19056, stack(0x0000001d8dd00000,0x0000001d8de00000) (1024K)]

Stack: [0x0000001d8dd00000,0x0000001d8de00000]
Native frames: (J=compiled Java code, j=interpreted, Vv=VM code, C=native code)
V  [jvm.dll+0x7308c9]  (no source info available)
V  [jvm.dll+0x8d9ca3]  (no source info available)
V  [jvm.dll+0x8dc13d]  (no source info available)
V  [jvm.dll+0x8dc7b3]  (no source info available)
V  [jvm.dll+0x2aa046]  (no source info available)
V  [jvm.dll+0x72cdf5]  (no source info available)
V  [jvm.dll+0x72091a]  (no source info available)
V  [jvm.dll+0x390d8a]  (no source info available)
V  [jvm.dll+0x398a96]  (no source info available)
V  [jvm.dll+0x3852de]  (no source info available)
V  [jvm.dll+0x385598]  (no source info available)
V  [jvm.dll+0x35d16c]  (no source info available)
V  [jvm.dll+0x35de2d]  (no source info available)
V  [jvm.dll+0x89d41f]  (no source info available)
V  [jvm.dll+0x3f98fd]  (no source info available)
V  [jvm.dll+0x885a76]  (no source info available)
V  [jvm.dll+0x49604e]  (no source info available)
V  [jvm.dll+0x497e21]  (no source info available)
C  [jli.dll+0x52a1]  (no source info available)
C  [ucrtbase.dll+0x37b0]  (no source info available)
C  [KERNEL32.DLL+0x2e8d7]  (no source info available)
C  [ntdll.dll+0x9c5dc]  (no source info available)

Lock stack of current Java thread (top to bottom):


---------------  P R O C E S S  ---------------

Threads class SMR info:
_java_thread_list=0x00007ff93487f318, length=0, elements={
}

Java Threads: ( => current thread )
Total: 0

Other Threads:
  0x0000020e5ff3e8d0 WorkerThread "GC Thread#0"                     [id=16188, stack(0x0000001d8de00000,0x0000001d8df00000) (1024K)]
  0x0000020e5ff8e010 ConcurrentGCThread "G1 Main Marker"            [id=15432, stack(0x0000001d8df00000,0x0000001d8e000000) (1024K)]
  0x0000020e5ff8f2c0 WorkerThread "G1 Conc#0"                       [id=8400, stack(0x0000001d8e000000,0x0000001d8e100000) (1024K)]

[error occurred during error reporting (printing all threads), id 0xc0000005, EXCEPTION_ACCESS_VIOLATION (0xc0000005) at pc=0x00007ff933fb158a]
VM state: not at safepoint (not fully initialized)

VM Mutex/Monitor currently owned by a thread:  ([mutex/lock_event])
[0x00007ff9349045c0] Heap_lock - owner thread: 0x0000020e5dade340

Heap address: 0x0000000703a00000, size: 4038 MB, Compressed Oops mode: Zero based, Oop shift amount: 3

CDS archive(s) mapped at: [0x0000000000000000-0x0000000000000000-0x0000000000000000), size 0, SharedBaseAddress: 0x0000000800000000, ArchiveRelocationMode: 1.
UseCompressedClassPointers 1, UseCompactObjectHeaders 0
Narrow klass pointer bits 32, Max shift 3
Narrow klass base: 0xffffffffffffffff, Narrow klass shift: -1
Encoding Range: [0xffffffffffffffff - 0x000000007fffffff), (2147483648 bytes)
Klass Range:    [0x0000000000000000 - 0x0000000000000000), (0 bytes)
Klass ID Range:  [4294967295 - 0) (1)

GC Precious Log:
 CardTable entry size: 512
 Card Set container configuration: InlinePtr #cards 4 size 8 Array Of Cards #cards 16 size 48 Howl #buckets 8 coarsen threshold 3686 Howl Bitmap #cards 512 size 80 coarsen threshold 460 Card regions per heap region 1 cards per card region 4096

Heap:
 garbage-first heap   total reserved 4134912K, committed 0K, used 0K [0x0000000703a00000, 0x0000000800000000)
  region size 2048K, 0 young (0K), 0 survivors (0K)

[error occurred during error reporting (printing heap information), id 0xc0000005, EXCEPTION_ACCESS_VIOLATION (0xc0000005) at pc=0x00007ff9343ce579]
GC Heap History (0 events):
No events

Dll operation events (1 events):
Event: 0.007 Loaded shared library D:\Program Files\Java\jdk-24\bin\java.dll

Deoptimization events (0 events):
No events

Classes loaded (0 events):
No events

Classes unloaded (0 events):
No events

Classes redefined (0 events):
No events

Internal exceptions (0 events):
No events

VM Operations (0 events):
No events

Memory protections (0 events):
No events

Nmethod flushes (0 events):
No events

Events (0 events):
No events


Dynamic libraries:
0x00007ff790850000 - 0x00007ff790860000 	D:\Program Files\Java\jdk-24\bin\java.exe
0x00007ff9ccea0000 - 0x00007ff9cd106000 	C:\WINDOWS\SYSTEM32\ntdll.dll
0x00007ff9cb530000 - 0x00007ff9cb5f9000 	C:\WINDOWS\System32\KERNEL32.DLL
0x00007ff9ca3b0000 - 0x00007ff9ca77c000 	C:\WINDOWS\System32\KERNELBASE.dll
0x00007ff9ca1b0000 - 0x00007ff9ca2fb000 	C:\WINDOWS\System32\ucrtbase.dll
0x00007ff9a5630000 - 0x00007ff9a564b000 	D:\Program Files\Java\jdk-24\bin\VCRUNTIME140.dll
0x00007ff9c2070000 - 0x00007ff9c2086000 	D:\Program Files\Java\jdk-24\bin\jli.dll
0x00007ff9ccb70000 - 0x00007ff9ccd3a000 	C:\WINDOWS\System32\USER32.dll
0x00007ff9caab0000 - 0x00007ff9caad7000 	C:\WINDOWS\System32\win32u.dll
0x00007ff9cb410000 - 0x00007ff9cb43b000 	C:\WINDOWS\System32\GDI32.dll
0x00007ff9acd10000 - 0x00007ff9acfaa000 	C:\WINDOWS\WinSxS\amd64_microsoft.windows.common-controls_6595b64144ccf1df_6.0.26100.3912_none_3e07963ce335137e\COMCTL32.dll
0x00007ff9ca810000 - 0x00007ff9ca942000 	C:\WINDOWS\System32\gdi32full.dll
0x00007ff9cbc40000 - 0x00007ff9cbce9000 	C:\WINDOWS\System32\msvcrt.dll
0x00007ff9ca300000 - 0x00007ff9ca3a3000 	C:\WINDOWS\System32\msvcp_win.dll
0x00007ff9cb950000 - 0x00007ff9cb980000 	C:\WINDOWS\System32\IMM32.DLL
0x00007ff9bfac0000 - 0x00007ff9bfacc000 	D:\Program Files\Java\jdk-24\bin\vcruntime140_1.dll
0x00007ff937df0000 - 0x00007ff937e7e000 	D:\Program Files\Java\jdk-24\bin\msvcp140.dll
0x00007ff933c40000 - 0x00007ff9349e2000 	D:\Program Files\Java\jdk-24\bin\server\jvm.dll
0x00007ff9cca80000 - 0x00007ff9ccb32000 	C:\WINDOWS\System32\ADVAPI32.dll
0x00007ff9cc9b0000 - 0x00007ff9cca56000 	C:\WINDOWS\System32\sechost.dll
0x00007ff9ccd40000 - 0x00007ff9cce56000 	C:\WINDOWS\System32\RPCRT4.dll
0x00007ff9cc920000 - 0x00007ff9cc994000 	C:\WINDOWS\System32\WS2_32.dll
0x00007ff9c9480000 - 0x00007ff9c94de000 	C:\WINDOWS\SYSTEM32\POWRPROF.dll
0x00007ff9bee20000 - 0x00007ff9bee2b000 	C:\WINDOWS\SYSTEM32\VERSION.dll
0x00007ff9b3800000 - 0x00007ff9b3836000 	C:\WINDOWS\SYSTEM32\WINMM.dll
0x00007ff9c93f0000 - 0x00007ff9c9404000 	C:\WINDOWS\SYSTEM32\UMPDC.dll
0x00007ff9c8dc0000 - 0x00007ff9c8dda000 	C:\WINDOWS\SYSTEM32\kernel.appcore.dll
0x00007ff9a0830000 - 0x00007ff9a083a000 	D:\Program Files\Java\jdk-24\bin\jimage.dll
0x00007ff9c7850000 - 0x00007ff9c7a91000 	C:\WINDOWS\SYSTEM32\DBGHELP.DLL
0x00007ff9cbcf0000 - 0x00007ff9cc074000 	C:\WINDOWS\System32\combase.dll
0x00007ff9cb710000 - 0x00007ff9cb7f0000 	C:\WINDOWS\System32\OLEAUT32.dll
0x00007ff9a8cf0000 - 0x00007ff9a8d29000 	C:\WINDOWS\SYSTEM32\dbgcore.DLL
0x00007ff9ca950000 - 0x00007ff9ca9e9000 	C:\WINDOWS\System32\bcryptPrimitives.dll
0x00007ff9950c0000 - 0x00007ff9950de000 	D:\Program Files\Java\jdk-24\bin\java.dll
0x00007ff9cb990000 - 0x00007ff9cbb2f000 	C:\WINDOWS\System32\ole32.dll
0x00007ff9cc080000 - 0x00007ff9cc7ad000 	C:\WINDOWS\System32\SHELL32.dll
0x00007ff9ca030000 - 0x00007ff9ca1a4000 	C:\WINDOWS\System32\wintypes.dll

dbghelp: loaded successfully - version: 4.0.5 - missing functions: none
symbol engine: initialized successfully - sym options: 0x614 - pdb path: .;D:\Program Files\Java\jdk-24\bin;C:\WINDOWS\SYSTEM32;C:\WINDOWS\WinSxS\amd64_microsoft.windows.common-controls_6595b64144ccf1df_6.0.26100.3912_none_3e07963ce335137e;D:\Program Files\Java\jdk-24\bin\server

VM Arguments:
jvm_args: -Dfile.encoding=UTF-8 -Djava.security.policy=applet.policy --module-path=D:\Downloads\Store.Management.System\build\classes 
java_command: Order
java_class_path (initial): D:\Program Files\NetBeans-25\netbeans\java\modules\ext\AbsoluteLayout.jar;D:\Downloads;D:\Downloads\itext.jar;D:\Downloads\icons_mysqlConnector\icons_mysqlConnector\mysql-connector-java-8.0.26.jar;D:\Downloads\Store.Management.System\build\classes
Launcher Type: SUN_STANDARD

[Global flags]
     intx CICompilerCount                          = 4                                         {product} {ergonomic}
     uint ConcGCThreads                            = 3                                         {product} {ergonomic}
     uint G1ConcRefinementThreads                  = 10                                        {product} {ergonomic}
   size_t G1HeapRegionSize                         = 2097152                                   {product} {ergonomic}
   size_t InitialHeapSize                          = 266338304                                 {product} {ergonomic}
   size_t MarkStackSize                            = 4194304                                   {product} {ergonomic}
   size_t MarkStackSizeMax                         = 536870912                                 {product} {ergonomic}
   size_t MaxHeapSize                              = 4234149888                                {product} {ergonomic}
   size_t MinHeapDeltaBytes                        = 2097152                                   {product} {ergonomic}
   size_t MinHeapSize                              = 8388608                                   {product} {ergonomic}
    uintx NonNMethodCodeHeapSize                   = 5832704                                {pd product} {ergonomic}
    uintx NonProfiledCodeHeapSize                  = 122945536                              {pd product} {ergonomic}
    uintx ProfiledCodeHeapSize                     = 122880000                              {pd product} {ergonomic}
    uintx ReservedCodeCacheSize                    = 251658240                              {pd product} {ergonomic}
     bool SegmentedCodeCache                       = true                                      {product} {ergonomic}
   size_t SoftMaxHeapSize                          = 4234149888                             {manageable} {ergonomic}
     bool UseCompressedOops                        = true                           {product lp64_product} {ergonomic}
     bool UseG1GC                                  = true                                      {product} {ergonomic}
     bool UseLargePagesIndividualAllocation        = false                                  {pd product} {ergonomic}

Logging:
Log output configuration:
 #0: stdout all=warning uptime,level,tags foldmultilines=false
 #1: stderr all=off uptime,level,tags foldmultilines=false

Environment Variables:
PATH=C:\Program Files\Common Files\Oracle\Java\javapath;C:\WINDOWS\system32;C:\WINDOWS;C:\WINDOWS\System32\Wbem;C:\WINDOWS\System32\WindowsPowerShell\v1.0\;C:\WINDOWS\System32\OpenSSH\;C:\Users\naols\AppData\Local\Programs\Python\Python313\;C:\Users\naols\AppData\Local\Programs\Python\Python313\Scripts;C:\Program Files\dotnet\;D:\Program Files\nodejs\;C:\Users\naols\AppData\Local\Programs\Python\Launcher\;C:\Users\naols\AppData\Local\Microsoft\WindowsApps;D:\Program Files\Microsoft VS Code\bin;C:\Users\naols\.dotnet\tools;C:\Users\naols\AppData\Local\GitHubDesktop\bin;C:\Users\naols\AppData\Roaming\npm;C:\Users\naols\AppData\Local\Programs\cursor\resources\app\bin
USERNAME=naols
OS=Windows_NT
PROCESSOR_IDENTIFIER=Intel64 Family 6 Model 165 Stepping 2, GenuineIntel
TMP=C:\Users\naols\AppData\Local\Temp
TEMP=C:\Users\naols\AppData\Local\Temp




Periodic native trim disabled

---------------  S Y S T E M  ---------------

OS:
 Windows 11 , 64 bit Build 26100 (10.0.26100.3912)
OS uptime: 0 days 2:03 hours
Hyper-V role detected

CPU: total 12 (initial active 12) (6 cores per cpu, 2 threads per core) family 6 model 165 stepping 2 microcode 0xe0, cx8, cmov, fxsr, ht, mmx, 3dnowpref, sse, sse2, sse3, ssse3, sse4.1, sse4.2, popcnt, lzcnt, tsc, tscinvbit, avx, avx2, aes, erms, clmul, bmi1, bmi2, adx, fma, vzeroupper, clflush, clflushopt, hv, rdtscp, f16c
Processor Information for the first 12 processors :
  Max Mhz: 2592, Current Mhz: 2592, Mhz Limit: 2592

Memory: 4k page, system-wide physical 16150M (4057M free)
TotalPageFile size 25366M (AvailPageFile size 256M)
current process WorkingSet (physical memory assigned to process): 13M, peak: 13M
current process commit charge ("private bytes"): 65M, peak: 318M

vm_info: Java HotSpot(TM) 64-Bit Server VM (24+36-3646) for windows-amd64 JRE (24+36-3646), built on 2025-02-06T00:20:43Z with MS VC++ 17.6 (VS2022)

END.
